2023-02-23 04:08:19,680 INFO Set uid to user 0 succeeded
2023-02-23 04:08:19,690 INFO supervisord started with pid 905
2023-02-23 04:08:20,699 INFO spawned: 'game' with pid 908
2023-02-23 04:08:21,150 INFO exited: game (exit status 1; not expected)
2023-02-23 04:08:22,162 INFO spawned: 'game' with pid 920
2023-02-23 04:08:22,570 INFO exited: game (exit status 1; not expected)
2023-02-23 04:08:24,581 INFO spawned: 'game' with pid 935
2023-02-23 04:08:24,971 INFO exited: game (exit status 1; not expected)
2023-02-23 04:08:27,985 INFO spawned: 'game' with pid 954
2023-02-23 04:08:28,451 INFO exited: game (exit status 1; not expected)
2023-02-23 04:08:29,454 INFO gave up: game entered FATAL state, too many start retries too quickly
2023-02-23 04:08:59,586 WARN received SIGINT indicating exit request
2023-02-23 04:10:11,846 INFO Set uid to user 0 succeeded
2023-02-23 04:10:11,858 INFO supervisord started with pid 1169
2023-02-23 04:10:12,868 INFO spawned: 'game' with pid 1178
2023-02-23 04:10:14,409 INFO success: game entered RUNNING state, process has stayed up for > than 1 seconds (startsecs)
2023-02-23 04:10:55,495 WARN received SIGINT indicating exit request
2023-02-23 04:10:55,497 INFO waiting for game to die
2023-02-23 04:10:55,531 INFO stopped: game (exit status 0)
2023-02-23 04:11:59,541 INFO Set uid to user 0 succeeded
2023-02-23 04:11:59,557 INFO supervisord started with pid 1427
2023-02-23 04:12:00,574 INFO spawned: 'game' with pid 1430
2023-02-23 04:12:02,158 INFO success: game entered RUNNING state, process has stayed up for > than 1 seconds (startsecs)
2023-02-23 04:12:52,545 WARN received SIGINT indicating exit request
2023-02-23 04:12:52,547 INFO waiting for game to die
2023-02-23 04:12:52,582 INFO stopped: game (exit status 0)
2023-02-23 04:12:54,415 INFO Set uid to user 0 succeeded
2023-02-23 04:12:54,432 INFO supervisord started with pid 1546
2023-02-23 04:12:55,441 INFO spawned: 'game' with pid 1549
2023-02-23 04:12:56,852 INFO success: game entered RUNNING state, process has stayed up for > than 1 seconds (startsecs)
2023-02-23 04:18:33,385 WARN received SIGINT indicating exit request
2023-02-23 04:18:33,387 INFO waiting for game to die
2023-02-23 04:18:33,465 INFO stopped: game (exit status 0)
